12:50:49.535 [main] ERROR o.s.web.context.ContextLoader - Context initialization failed
org.springframework.beans.factory.BeanCreationException: Error creating bean with name 'org.springframework.dao.annotation.PersistenceExceptionTranslationPostProcessor#0': Initialization of bean failed; nested exception is org.springframework.beans.factory.BeanCreationException: Error creating bean with name 'entityManagerFactory' defined in URL [file:/D:/鏤됃/wuliu/target/classes/applicationContext.xml]: Cannot resolve reference to bean 'hibernateJpaVendorAdapter' while setting bean property 'jpaVendorAdapter'; nested exception is org.springframework.beans.factory.BeanCreationException: Error creating bean with name 'hibernateJpaVendorAdapter' defined in URL [file:/D:/鏤됃/wuliu/target/classes/applicationContext.xml]: Cannot create inner bean 'org.springside.modules.persistence.Hibernates#6bda1add' of type [org.springside.modules.persistence.Hibernates] while setting bean property 'databasePlatform'; nested exception is org.springframework.beans.factory.BeanCreationException: Error creating bean with name 'org.springside.modules.persistence.Hibernates#6bda1add' defined in URL [file:/D:/鏤됃/wuliu/target/classes/applicationContext.xml]: Instantiation of bean failed; nested exception is org.springframework.beans.factory.BeanDefinitionStoreException: Factory method [public static java.lang.String org.springside.modules.persistence.Hibernates.getDialect(javax.sql.DataSource)] threw exception; nested exception is java.lang.RuntimeException: Could not get database url
	at org.springframework.beans.factory.support.AbstractAutowireCapableBeanFactory.doCreateBean(AbstractAutowireCapableBeanFactory.java:529) ~[spring-beans-3.2.3.RELEASE.jar:3.2.3.RELEASE]
	at org.springframework.beans.factory.support.AbstractAutowireCapableBeanFactory.createBean(AbstractAutowireCapableBeanFactory.java:458) ~[spring-beans-3.2.3.RELEASE.jar:3.2.3.RELEASE]
	at org.springframework.beans.factory.support.AbstractBeanFactory$1.getObject(AbstractBeanFactory.java:295) ~[spring-beans-3.2.3.RELEASE.jar:3.2.3.RELEASE]
	at org.springframework.beans.factory.support.DefaultSingletonBeanRegistry.getSingleton(DefaultSingletonBeanRegistry.java:223) ~[spring-beans-3.2.3.RELEASE.jar:3.2.3.RELEASE]
	at org.springframework.beans.factory.support.AbstractBeanFactory.doGetBean(AbstractBeanFactory.java:292) ~[spring-beans-3.2.3.RELEASE.jar:3.2.3.RELEASE]
	at org.springframework.beans.factory.support.AbstractBeanFactory.getBean(AbstractBeanFactory.java:198) ~[spring-beans-3.2.3.RELEASE.jar:3.2.3.RELEASE]
	at org.springframework.context.support.AbstractApplicationContext.registerBeanPostProcessors(AbstractApplicationContext.java:741) ~[spring-context-3.2.3.RELEASE.jar:3.2.3.RELEASE]
	at org.springframework.context.support.AbstractApplicationContext.refresh(AbstractApplicationContext.java:464) ~[spring-context-3.2.3.RELEASE.jar:3.2.3.RELEASE]
	at org.springframework.web.context.ContextLoader.configureAndRefreshWebApplicationContext(ContextLoader.java:389) ~[spring-web-3.2.3.RELEASE.jar:3.2.3.RELEASE]
	at org.springframework.web.context.ContextLoader.initWebApplicationContext(ContextLoader.java:294) ~[spring-web-3.2.3.RELEASE.jar:3.2.3.RELEASE]
	at org.springframework.web.context.ContextLoaderListener.contextInitialized(ContextLoaderListener.java:112) ~[spring-web-3.2.3.RELEASE.jar:3.2.3.RELEASE]
	at org.eclipse.jetty.server.handler.ContextHandler.callContextInitialized(ContextHandler.java:764) ~[jetty-webapp-7.6.11.v20130520.jar:8.1.2.v20120308]
	at org.eclipse.jetty.servlet.ServletContextHandler.callContextInitialized(ServletContextHandler.java:406) ~[jetty-webapp-7.6.11.v20130520.jar:8.1.2.v20120308]
	at org.eclipse.jetty.server.handler.ContextHandler.startContext(ContextHandler.java:756) ~[jetty-webapp-7.6.11.v20130520.jar:8.1.2.v20120308]
	at org.eclipse.jetty.servlet.ServletContextHandler.startContext(ServletContextHandler.java:242) ~[jetty-webapp-7.6.11.v20130520.jar:8.1.2.v20120308]
	at org.eclipse.jetty.webapp.WebAppContext.startContext(WebAppContext.java:1221) ~[jetty-webapp-7.6.11.v20130520.jar:8.1.2.v20120308]
	at org.eclipse.jetty.server.handler.ContextHandler.doStart(ContextHandler.java:699) ~[jetty-webapp-7.6.11.v20130520.jar:8.1.2.v20120308]
	at org.eclipse.jetty.webapp.WebAppContext.doStart(WebAppContext.java:454) ~[jetty-webapp-7.6.11.v20130520.jar:8.1.2.v20120308]
	at org.eclipse.jetty.util.component.AbstractLifeCycle.start(AbstractLifeCycle.java:59) ~[jetty-webapp-7.6.11.v20130520.jar:8.1.2.v20120308]
	at org.eclipse.jetty.server.handler.HandlerWrapper.doStart(HandlerWrapper.java:90) ~[jetty-webapp-7.6.11.v20130520.jar:8.1.2.v20120308]
	at org.eclipse.jetty.server.Server.doStart(Server.java:263) ~[jetty-webapp-7.6.11.v20130520.jar:8.1.2.v20120308]
	at org.eclipse.jetty.util.component.AbstractLifeCycle.start(AbstractLifeCycle.java:59) ~[jetty-webapp-7.6.11.v20130520.jar:8.1.2.v20120308]
	at runjettyrun.Bootstrap.main(Bootstrap.java:80) ~[run-jetty-run-bootstrap-jetty8.jar:na]
Caused by: org.springframework.beans.factory.BeanCreationException: Error creating bean with name 'entityManagerFactory' defined in URL [file:/D:/鏤됃/wuliu/target/classes/applicationContext.xml]: Cannot resolve reference to bean 'hibernateJpaVendorAdapter' while setting bean property 'jpaVendorAdapter'; nested exception is org.springframework.beans.factory.BeanCreationException: Error creating bean with name 'hibernateJpaVendorAdapter' defined in URL [file:/D:/鏤됃/wuliu/target/classes/applicationContext.xml]: Cannot create inner bean 'org.springside.modules.persistence.Hibernates#6bda1add' of type [org.springside.modules.persistence.Hibernates] while setting bean property 'databasePlatform'; nested exception is org.springframework.beans.factory.BeanCreationException: Error creating bean with name 'org.springside.modules.persistence.Hibernates#6bda1add' defined in URL [file:/D:/鏤됃/wuliu/target/classes/applicationContext.xml]: Instantiation of bean failed; nested exception is org.springframework.beans.factory.BeanDefinitionStoreException: Factory method [public static java.lang.String org.springside.modules.persistence.Hibernates.getDialect(javax.sql.DataSource)] threw exception; nested exception is java.lang.RuntimeException: Could not get database url
	at org.springframework.beans.factory.support.BeanDefinitionValueResolver.resolveReference(BeanDefinitionValueResolver.java:329) ~[spring-beans-3.2.3.RELEASE.jar:3.2.3.RELEASE]
	at org.springframework.beans.factory.support.BeanDefinitionValueResolver.resolveValueIfNecessary(BeanDefinitionValueResolver.java:107) ~[spring-beans-3.2.3.RELEASE.jar:3.2.3.RELEASE]
	at org.springframework.beans.factory.support.AbstractAutowireCapableBeanFactory.applyPropertyValues(AbstractAutowireCapableBeanFactory.java:1387) ~[spring-beans-3.2.3.RELEASE.jar:3.2.3.RELEASE]
	at org.springframework.beans.factory.support.AbstractAutowireCapableBeanFactory.populateBean(AbstractAutowireCapableBeanFactory.java:1128) ~[spring-beans-3.2.3.RELEASE.jar:3.2.3.RELEASE]
	at org.springframework.beans.factory.support.AbstractAutowireCapableBeanFactory.doCreateBean(AbstractAutowireCapableBeanFactory.java:519) ~[spring-beans-3.2.3.RELEASE.jar:3.2.3.RELEASE]
	at org.springframework.beans.factory.support.AbstractAutowireCapableBeanFactory.createBean(AbstractAutowireCapableBeanFactory.java:458) ~[spring-beans-3.2.3.RELEASE.jar:3.2.3.RELEASE]
	at org.springframework.beans.factory.support.AbstractBeanFactory$1.getObject(AbstractBeanFactory.java:295) ~[spring-beans-3.2.3.RELEASE.jar:3.2.3.RELEASE]
	at org.springframework.beans.factory.support.DefaultSingletonBeanRegistry.getSingleton(DefaultSingletonBeanRegistry.java:223) ~[spring-beans-3.2.3.RELEASE.jar:3.2.3.RELEASE]
	at org.springframework.beans.factory.support.AbstractBeanFactory.doGetBean(AbstractBeanFactory.java:292) ~[spring-beans-3.2.3.RELEASE.jar:3.2.3.RELEASE]
	at org.springframework.beans.factory.support.AbstractBeanFactory.getBean(AbstractBeanFactory.java:198) ~[spring-beans-3.2.3.RELEASE.jar:3.2.3.RELEASE]
	at org.springframework.beans.factory.support.DefaultListableBeanFactory.getBeansOfType(DefaultListableBeanFactory.java:439) ~[spring-beans-3.2.3.RELEASE.jar:3.2.3.RELEASE]
	at org.springframework.beans.factory.BeanFactoryUtils.beansOfTypeIncludingAncestors(BeanFactoryUtils.java:277) ~[spring-beans-3.2.3.RELEASE.jar:3.2.3.RELEASE]
	at org.springframework.dao.support.PersistenceExceptionTranslationInterceptor.detectPersistenceExceptionTranslators(PersistenceExceptionTranslationInterceptor.java:139) ~[spring-tx-3.2.3.RELEASE.jar:3.2.3.RELEASE]
	at org.springframework.dao.support.PersistenceExceptionTranslationInterceptor.<init>(PersistenceExceptionTranslationInterceptor.java:79) ~[spring-tx-3.2.3.RELEASE.jar:3.2.3.RELEASE]
	at org.springframework.dao.annotation.PersistenceExceptionTranslationAdvisor.<init>(PersistenceExceptionTranslationAdvisor.java:71) ~[spring-tx-3.2.3.RELEASE.jar:3.2.3.RELEASE]
	at org.springframework.dao.annotation.PersistenceExceptionTranslationPostProcessor.setBeanFactory(PersistenceExceptionTranslationPostProcessor.java:85) ~[spring-tx-3.2.3.RELEASE.jar:3.2.3.RELEASE]
	at org.springframework.beans.factory.support.AbstractAutowireCapableBeanFactory.invokeAwareMethods(AbstractAutowireCapableBeanFactory.java:1502) ~[spring-beans-3.2.3.RELEASE.jar:3.2.3.RELEASE]
	at org.springframework.beans.factory.support.AbstractAutowireCapableBeanFactory.initializeBean(AbstractAutowireCapableBeanFactory.java:1470) ~[spring-beans-3.2.3.RELEASE.jar:3.2.3.RELEASE]
	at org.springframework.beans.factory.support.AbstractAutowireCapableBeanFactory.doCreateBean(AbstractAutowireCapableBeanFactory.java:521) ~[spring-beans-3.2.3.RELEASE.jar:3.2.3.RELEASE]
	... 22 common frames omitted
Caused by: org.springframework.beans.factory.BeanCreationException: Error creating bean with name 'hibernateJpaVendorAdapter' defined in URL [file:/D:/鏤됃/wuliu/target/classes/applicationContext.xml]: Cannot create inner bean 'org.springside.modules.persistence.Hibernates#6bda1add' of type [org.springside.modules.persistence.Hibernates] while setting bean property 'databasePlatform'; nested exception is org.springframework.beans.factory.BeanCreationException: Error creating bean with name 'org.springside.modules.persistence.Hibernates#6bda1add' defined in URL [file:/D:/鏤됃/wuliu/target/classes/applicationContext.xml]: Instantiation of bean failed; nested exception is org.springframework.beans.factory.BeanDefinitionStoreException: Factory method [public static java.lang.String org.springside.modules.persistence.Hibernates.getDialect(javax.sql.DataSource)] threw exception; nested exception is java.lang.RuntimeException: Could not get database url
	at org.springframework.beans.factory.support.BeanDefinitionValueResolver.resolveInnerBean(BeanDefinitionValueResolver.java:282) ~[spring-beans-3.2.3.RELEASE.jar:3.2.3.RELEASE]
	at org.springframework.beans.factory.support.BeanDefinitionValueResolver.resolveValueIfNecessary(BeanDefinitionValueResolver.java:121) ~[spring-beans-3.2.3.RELEASE.jar:3.2.3.RELEASE]
	at org.springframework.beans.factory.support.AbstractAutowireCapableBeanFactory.applyPropertyValues(AbstractAutowireCapableBeanFactory.java:1387) ~[spring-beans-3.2.3.RELEASE.jar:3.2.3.RELEASE]
	at org.springframework.beans.factory.support.AbstractAutowireCapableBeanFactory.populateBean(AbstractAutowireCapableBeanFactory.java:1128) ~[spring-beans-3.2.3.RELEASE.jar:3.2.3.RELEASE]
	at org.springframework.beans.factory.support.AbstractAutowireCapableBeanFactory.doCreateBean(AbstractAutowireCapableBeanFactory.java:519) ~[spring-beans-3.2.3.RELEASE.jar:3.2.3.RELEASE]
	at org.springframework.beans.factory.support.AbstractAutowireCapableBeanFactory.createBean(AbstractAutowireCapableBeanFactory.java:458) ~[spring-beans-3.2.3.RELEASE.jar:3.2.3.RELEASE]
	at org.springframework.beans.factory.support.AbstractBeanFactory$1.getObject(AbstractBeanFactory.java:295) ~[spring-beans-3.2.3.RELEASE.jar:3.2.3.RELEASE]
	at org.springframework.beans.factory.support.DefaultSingletonBeanRegistry.getSingleton(DefaultSingletonBeanRegistry.java:223) ~[spring-beans-3.2.3.RELEASE.jar:3.2.3.RELEASE]
	at org.springframework.beans.factory.support.AbstractBeanFactory.doGetBean(AbstractBeanFactory.java:292) ~[spring-beans-3.2.3.RELEASE.jar:3.2.3.RELEASE]
	at org.springframework.beans.factory.support.AbstractBeanFactory.getBean(AbstractBeanFactory.java:194) ~[spring-beans-3.2.3.RELEASE.jar:3.2.3.RELEASE]
	at org.springframework.beans.factory.support.BeanDefinitionValueResolver.resolveReference(BeanDefinitionValueResolver.java:323) ~[spring-beans-3.2.3.RELEASE.jar:3.2.3.RELEASE]
	... 40 common frames omitted
Caused by: org.springframework.beans.factory.BeanCreationException: Error creating bean with name 'org.springside.modules.persistence.Hibernates#6bda1add' defined in URL [file:/D:/鏤됃/wuliu/target/classes/applicationContext.xml]: Instantiation of bean failed; nested exception is org.springframework.beans.factory.BeanDefinitionStoreException: Factory method [public static java.lang.String org.springside.modules.persistence.Hibernates.getDialect(javax.sql.DataSource)] threw exception; nested exception is java.lang.RuntimeException: Could not get database url
	at org.springframework.beans.factory.support.ConstructorResolver.instantiateUsingFactoryMethod(ConstructorResolver.java:581) ~[spring-beans-3.2.3.RELEASE.jar:3.2.3.RELEASE]
	at org.springframework.beans.factory.support.AbstractAutowireCapableBeanFactory.instantiateUsingFactoryMethod(AbstractAutowireCapableBeanFactory.java:1025) ~[spring-beans-3.2.3.RELEASE.jar:3.2.3.RELEASE]
	at org.springframework.beans.factory.support.AbstractAutowireCapableBeanFactory.createBeanInstance(AbstractAutowireCapableBeanFactory.java:921) ~[spring-beans-3.2.3.RELEASE.jar:3.2.3.RELEASE]
	at org.springframework.beans.factory.support.AbstractAutowireCapableBeanFactory.doCreateBean(AbstractAutowireCapableBeanFactory.java:487) ~[spring-beans-3.2.3.RELEASE.jar:3.2.3.RELEASE]
	at org.springframework.beans.factory.support.AbstractAutowireCapableBeanFactory.createBean(AbstractAutowireCapableBeanFactory.java:458) ~[spring-beans-3.2.3.RELEASE.jar:3.2.3.RELEASE]
	at org.springframework.beans.factory.support.BeanDefinitionValueResolver.resolveInnerBean(BeanDefinitionValueResolver.java:271) ~[spring-beans-3.2.3.RELEASE.jar:3.2.3.RELEASE]
	... 50 common frames omitted
Caused by: org.springframework.beans.factory.BeanDefinitionStoreException: Factory method [public static java.lang.String org.springside.modules.persistence.Hibernates.getDialect(javax.sql.DataSource)] threw exception; nested exception is java.lang.RuntimeException: Could not get database url
	at org.springframework.beans.factory.support.SimpleInstantiationStrategy.instantiate(SimpleInstantiationStrategy.java:181) ~[spring-beans-3.2.3.RELEASE.jar:3.2.3.RELEASE]
	at org.springframework.beans.factory.support.ConstructorResolver.instantiateUsingFactoryMethod(ConstructorResolver.java:570) ~[spring-beans-3.2.3.RELEASE.jar:3.2.3.RELEASE]
	... 55 common frames omitted
Caused by: java.lang.RuntimeException: Could not get database url
	at org.springside.modules.persistence.Hibernates.getJdbcUrlFromDataSource(Hibernates.java:53) ~[springside-core-4.1.0.GA.jar:4.1.0.GA]
	at org.springside.modules.persistence.Hibernates.getDialect(Hibernates.java:30) ~[springside-core-4.1.0.GA.jar:4.1.0.GA]
	at sun.reflect.NativeMethodAccessorImpl.invoke0(Native Method) ~[na:1.7.0_25]
	at sun.reflect.NativeMethodAccessorImpl.invoke(NativeMethodAccessorImpl.java:57) ~[na:1.7.0_25]
	at sun.reflect.DelegatingMethodAccessorImpl.invoke(DelegatingMethodAccessorImpl.java:43) ~[na:1.7.0_25]
	at java.lang.reflect.Method.invoke(Method.java:606) ~[na:1.7.0_25]
	at org.springframework.beans.factory.support.SimpleInstantiationStrategy.instantiate(SimpleInstantiationStrategy.java:160) ~[spring-beans-3.2.3.RELEASE.jar:3.2.3.RELEASE]
	... 56 common frames omitted
Caused by: com.mysql.jdbc.exceptions.jdbc4.CommunicationsException: Communications link failure

The last packet sent successfully to the server was 0 milliseconds ago. The driver has not received any packets from the server.
	at sun.reflect.NativeConstructorAccessorImpl.newInstance0(Native Method) ~[na:1.7.0_25]
	at sun.reflect.NativeConstructorAccessorImpl.newInstance(NativeConstructorAccessorImpl.java:57) ~[na:1.7.0_25]
	at sun.reflect.DelegatingConstructorAccessorImpl.newInstance(DelegatingConstructorAccessorImpl.java:45) ~[na:1.7.0_25]
	at java.lang.reflect.Constructor.newInstance(Constructor.java:526) ~[na:1.7.0_25]
	at com.mysql.jdbc.Util.handleNewInstance(Util.java:411) ~[mysql-connector-java-5.1.21.jar:na]
	at com.mysql.jdbc.SQLError.createCommunicationsException(SQLError.java:1117) ~[mysql-connector-java-5.1.21.jar:na]
	at com.mysql.jdbc.MysqlIO.<init>(MysqlIO.java:350) ~[mysql-connector-java-5.1.21.jar:na]
	at com.mysql.jdbc.ConnectionImpl.coreConnect(ConnectionImpl.java:2393) ~[mysql-connector-java-5.1.21.jar:na]
	at com.mysql.jdbc.ConnectionImpl.connectOneTryOnly(ConnectionImpl.java:2430) ~[mysql-connector-java-5.1.21.jar:na]
	at com.mysql.jdbc.ConnectionImpl.createNewIO(ConnectionImpl.java:2215) ~[mysql-connector-java-5.1.21.jar:na]
	at com.mysql.jdbc.ConnectionImpl.<init>(ConnectionImpl.java:813) ~[mysql-connector-java-5.1.21.jar:na]
	at com.mysql.jdbc.JDBC4Connection.<init>(JDBC4Connection.java:47) ~[mysql-connector-java-5.1.21.jar:na]
	at sun.reflect.NativeConstructorAccessorImpl.newInstance0(Native Method) ~[na:1.7.0_25]
	at sun.reflect.NativeConstructorAccessorImpl.newInstance(NativeConstructorAccessorImpl.java:57) ~[na:1.7.0_25]
	at sun.reflect.DelegatingConstructorAccessorImpl.newInstance(DelegatingConstructorAccessorImpl.java:45) ~[na:1.7.0_25]
	at java.lang.reflect.Constructor.newInstance(Constructor.java:526) ~[na:1.7.0_25]
	at com.mysql.jdbc.Util.handleNewInstance(Util.java:411) ~[mysql-connector-java-5.1.21.jar:na]
	at com.mysql.jdbc.ConnectionImpl.getInstance(ConnectionImpl.java:399) ~[mysql-connector-java-5.1.21.jar:na]
	at com.mysql.jdbc.NonRegisteringDriver.connect(NonRegisteringDriver.java:334) ~[mysql-connector-java-5.1.21.jar:na]
	at org.apache.tomcat.jdbc.pool.PooledConnection.connectUsingDriver(PooledConnection.java:278) ~[tomcat-jdbc-7.0.42.jar:na]
	at org.apache.tomcat.jdbc.pool.PooledConnection.connect(PooledConnection.java:182) ~[tomcat-jdbc-7.0.42.jar:na]
	at org.apache.tomcat.jdbc.pool.ConnectionPool.createConnection(ConnectionPool.java:702) ~[tomcat-jdbc-7.0.42.jar:na]
	at org.apache.tomcat.jdbc.pool.ConnectionPool.borrowConnection(ConnectionPool.java:634) ~[tomcat-jdbc-7.0.42.jar:na]
	at org.apache.tomcat.jdbc.pool.ConnectionPool.init(ConnectionPool.java:488) ~[tomcat-jdbc-7.0.42.jar:na]
	at org.apache.tomcat.jdbc.pool.ConnectionPool.<init>(ConnectionPool.java:144) ~[tomcat-jdbc-7.0.42.jar:na]
	at org.apache.tomcat.jdbc.pool.DataSourceProxy.pCreatePool(DataSourceProxy.java:116) ~[tomcat-jdbc-7.0.42.jar:na]
	at org.apache.tomcat.jdbc.pool.DataSourceProxy.createPool(DataSourceProxy.java:103) ~[tomcat-jdbc-7.0.42.jar:na]
	at org.apache.tomcat.jdbc.pool.DataSourceProxy.getConnection(DataSourceProxy.java:127) ~[tomcat-jdbc-7.0.42.jar:na]
	at org.springside.modules.persistence.Hibernates.getJdbcUrlFromDataSource(Hibernates.java:47) ~[springside-core-4.1.0.GA.jar:4.1.0.GA]
	... 62 common frames omitted
Caused by: java.net.ConnectException: Connection refused: connect
	at java.net.DualStackPlainSocketImpl.connect0(Native Method) ~[na:1.7.0_25]
	at java.net.DualStackPlainSocketImpl.socketConnect(DualStackPlainSocketImpl.java:79) ~[na:1.7.0_25]
	at java.net.AbstractPlainSocketImpl.doConnect(AbstractPlainSocketImpl.java:339) ~[na:1.7.0_25]
	at java.net.AbstractPlainSocketImpl.connectToAddress(AbstractPlainSocketImpl.java:200) ~[na:1.7.0_25]
	at java.net.AbstractPlainSocketImpl.connect(AbstractPlainSocketImpl.java:182) ~[na:1.7.0_25]
	at java.net.PlainSocketImpl.connect(PlainSocketImpl.java:172) ~[na:1.7.0_25]
	at java.net.SocksSocketImpl.connect(SocksSocketImpl.java:392) ~[na:1.7.0_25]
	at java.net.Socket.connect(Socket.java:579) ~[na:1.7.0_25]
	at java.net.Socket.connect(Socket.java:528) ~[na:1.7.0_25]
	at java.net.Socket.<init>(Socket.java:425) ~[na:1.7.0_25]
	at java.net.Socket.<init>(Socket.java:241) ~[na:1.7.0_25]
	at com.mysql.jdbc.StandardSocketFactory.connect(StandardSocketFactory.java:257) ~[mysql-connector-java-5.1.21.jar:na]
	at com.mysql.jdbc.MysqlIO.<init>(MysqlIO.java:300) ~[mysql-connector-java-5.1.21.jar:na]
	... 84 common frames omitted
12:59:02.795 [main] ERROR o.s.web.servlet.DispatcherServlet - Context initialization failed
org.springframework.beans.factory.BeanDefinitionStoreException: Unexpected exception parsing XML document from ServletContext resource [/WEB-INF/spring-mvc.xml]; nested exception is org.springframework.context.annotation.ConflictingBeanDefinitionException: Annotation-specified bean name 'frontpageController' for bean class [fxc.web.frontpage.FrontpageController] conflicts with existing, non-compatible bean definition of same name and class [fxc.web.account.FrontpageController]
	at org.springframework.beans.factory.xml.XmlBeanDefinitionReader.doLoadBeanDefinitions(XmlBeanDefinitionReader.java:412) ~[spring-beans-3.2.3.RELEASE.jar:3.2.3.RELEASE]
	at org.springframework.beans.factory.xml.XmlBeanDefinitionReader.loadBeanDefinitions(XmlBeanDefinitionReader.java:334) ~[spring-beans-3.2.3.RELEASE.jar:3.2.3.RELEASE]
	at org.springframework.beans.factory.xml.XmlBeanDefinitionReader.loadBeanDefinitions(XmlBeanDefinitionReader.java:302) ~[spring-beans-3.2.3.RELEASE.jar:3.2.3.RELEASE]
	at org.springframework.beans.factory.support.AbstractBeanDefinitionReader.loadBeanDefinitions(AbstractBeanDefinitionReader.java:174) ~[spring-beans-3.2.3.RELEASE.jar:3.2.3.RELEASE]
	at org.springframework.beans.factory.support.AbstractBeanDefinitionReader.loadBeanDefinitions(AbstractBeanDefinitionReader.java:209) ~[spring-beans-3.2.3.RELEASE.jar:3.2.3.RELEASE]
	at org.springframework.beans.factory.support.AbstractBeanDefinitionReader.loadBeanDefinitions(AbstractBeanDefinitionReader.java:180) ~[spring-beans-3.2.3.RELEASE.jar:3.2.3.RELEASE]
	at org.springframework.web.context.support.XmlWebApplicationContext.loadBeanDefinitions(XmlWebApplicationContext.java:125) ~[spring-web-3.2.3.RELEASE.jar:3.2.3.RELEASE]
	at org.springframework.web.context.support.XmlWebApplicationContext.loadBeanDefinitions(XmlWebApplicationContext.java:94) ~[spring-web-3.2.3.RELEASE.jar:3.2.3.RELEASE]
	at org.springframework.context.support.AbstractRefreshableApplicationContext.refreshBeanFactory(AbstractRefreshableApplicationContext.java:130) ~[spring-context-3.2.3.RELEASE.jar:3.2.3.RELEASE]
	at org.springframework.context.support.AbstractApplicationContext.obtainFreshBeanFactory(AbstractApplicationContext.java:537) ~[spring-context-3.2.3.RELEASE.jar:3.2.3.RELEASE]
	at org.springframework.context.support.AbstractApplicationContext.refresh(AbstractApplicationContext.java:451) ~[spring-context-3.2.3.RELEASE.jar:3.2.3.RELEASE]
	at org.springframework.web.servlet.FrameworkServlet.configureAndRefreshWebApplicationContext(FrameworkServlet.java:651) ~[spring-webmvc-3.2.3.RELEASE.jar:3.2.3.RELEASE]
	at org.springframework.web.servlet.FrameworkServlet.createWebApplicationContext(FrameworkServlet.java:599) ~[spring-webmvc-3.2.3.RELEASE.jar:3.2.3.RELEASE]
	at org.springframework.web.servlet.FrameworkServlet.createWebApplicationContext(FrameworkServlet.java:665) ~[spring-webmvc-3.2.3.RELEASE.jar:3.2.3.RELEASE]
	at org.springframework.web.servlet.FrameworkServlet.initWebApplicationContext(FrameworkServlet.java:518) ~[spring-webmvc-3.2.3.RELEASE.jar:3.2.3.RELEASE]
	at org.springframework.web.servlet.FrameworkServlet.initServletBean(FrameworkServlet.java:459) ~[spring-webmvc-3.2.3.RELEASE.jar:3.2.3.RELEASE]
	at org.springframework.web.servlet.HttpServletBean.init(HttpServletBean.java:136) ~[spring-webmvc-3.2.3.RELEASE.jar:3.2.3.RELEASE]
	at javax.servlet.GenericServlet.init(GenericServlet.java:241) ~[javax.servlet-2.5.0.v201103041518.jar:na]
	at org.eclipse.jetty.servlet.ServletHolder.initServlet(ServletHolder.java:477) ~[jetty-webapp-7.6.11.v20130520.jar:7.6.11.v20130520]
	at org.eclipse.jetty.servlet.ServletHolder.doStart(ServletHolder.java:293) ~[jetty-webapp-7.6.11.v20130520.jar:7.6.11.v20130520]
	at org.eclipse.jetty.util.component.AbstractLifeCycle.start(AbstractLifeCycle.java:64) ~[jetty-webapp-7.6.11.v20130520.jar:7.6.11.v20130520]
	at org.eclipse.jetty.servlet.ServletHandler.initialize(ServletHandler.java:730) ~[jetty-webapp-7.6.11.v20130520.jar:7.6.11.v20130520]
	at org.eclipse.jetty.servlet.ServletContextHandler.startContext(ServletContextHandler.java:254) ~[jetty-webapp-7.6.11.v20130520.jar:7.6.11.v20130520]
	at org.eclipse.jetty.webapp.WebAppContext.startContext(WebAppContext.java:1240) ~[jetty-webapp-7.6.11.v20130520.jar:7.6.11.v20130520]
	at org.eclipse.jetty.server.handler.ContextHandler.doStart(ContextHandler.java:689) ~[jetty-webapp-7.6.11.v20130520.jar:7.6.11.v20130520]
	at org.eclipse.jetty.webapp.WebAppContext.doStart(WebAppContext.java:482) ~[jetty-webapp-7.6.11.v20130520.jar:7.6.11.v20130520]
	at org.mortbay.jetty.plugin.JettyWebAppContext.doStart(JettyWebAppContext.java:256) ~[jetty-maven-plugin-7.6.11.v20130520.jar:7.6.11.v20130520]
	at org.eclipse.jetty.util.component.AbstractLifeCycle.start(AbstractLifeCycle.java:64) ~[jetty-webapp-7.6.11.v20130520.jar:7.6.11.v20130520]
	at org.eclipse.jetty.server.handler.HandlerCollection.doStart(HandlerCollection.java:229) ~[jetty-webapp-7.6.11.v20130520.jar:7.6.11.v20130520]
	at org.eclipse.jetty.server.handler.ContextHandlerCollection.doStart(ContextHandlerCollection.java:172) ~[jetty-webapp-7.6.11.v20130520.jar:7.6.11.v20130520]
	at org.eclipse.jetty.util.component.AbstractLifeCycle.start(AbstractLifeCycle.java:64) ~[jetty-webapp-7.6.11.v20130520.jar:7.6.11.v20130520]
	at org.eclipse.jetty.server.handler.HandlerCollection.doStart(HandlerCollection.java:229) ~[jetty-webapp-7.6.11.v20130520.jar:7.6.11.v20130520]
	at org.eclipse.jetty.util.component.AbstractLifeCycle.start(AbstractLifeCycle.java:64) ~[jetty-webapp-7.6.11.v20130520.jar:7.6.11.v20130520]
	at org.eclipse.jetty.server.handler.HandlerWrapper.doStart(HandlerWrapper.java:95) ~[jetty-webapp-7.6.11.v20130520.jar:7.6.11.v20130520]
	at org.eclipse.jetty.server.Server.doStart(Server.java:281) ~[jetty-webapp-7.6.11.v20130520.jar:7.6.11.v20130520]
	at org.mortbay.jetty.plugin.JettyServer.doStart(JettyServer.java:65) ~[jetty-maven-plugin-7.6.11.v20130520.jar:7.6.11.v20130520]
	at org.eclipse.jetty.util.component.AbstractLifeCycle.start(AbstractLifeCycle.java:64) ~[jetty-webapp-7.6.11.v20130520.jar:7.6.11.v20130520]
	at org.mortbay.jetty.plugin.AbstractJettyMojo.startJetty(AbstractJettyMojo.java:520) ~[jetty-maven-plugin-7.6.11.v20130520.jar:7.6.11.v20130520]
	at org.mortbay.jetty.plugin.AbstractJettyMojo.execute(AbstractJettyMojo.java:365) ~[jetty-maven-plugin-7.6.11.v20130520.jar:7.6.11.v20130520]
	at org.mortbay.jetty.plugin.JettyRunMojo.execute(JettyRunMojo.java:521) ~[jetty-maven-plugin-7.6.11.v20130520.jar:7.6.11.v20130520]
	at org.apache.maven.plugin.DefaultBuildPluginManager.executeMojo(DefaultBuildPluginManager.java:106) ~[na:na]
	at org.apache.maven.lifecycle.internal.MojoExecutor.execute(MojoExecutor.java:208) ~[na:na]
	at org.apache.maven.lifecycle.internal.MojoExecutor.execute(MojoExecutor.java:153) ~[na:na]
	at org.apache.maven.lifecycle.internal.MojoExecutor.execute(MojoExecutor.java:145) ~[na:na]
	at org.apache.maven.lifecycle.internal.LifecycleModuleBuilder.buildProject(LifecycleModuleBuilder.java:84) ~[na:na]
	at org.apache.maven.lifecycle.internal.LifecycleModuleBuilder.buildProject(LifecycleModuleBuilder.java:59) ~[na:na]
	at org.apache.maven.lifecycle.internal.LifecycleStarter.singleThreadedBuild(LifecycleStarter.java:183) ~[na:na]
	at org.apache.maven.lifecycle.internal.LifecycleStarter.execute(LifecycleStarter.java:161) ~[na:na]
	at org.apache.maven.DefaultMaven.doExecute(DefaultMaven.java:317) ~[na:na]
	at org.apache.maven.DefaultMaven.execute(DefaultMaven.java:152) ~[na:na]
	at org.apache.maven.cli.MavenCli.execute(MavenCli.java:555) ~[na:na]
	at org.apache.maven.cli.MavenCli.doMain(MavenCli.java:214) ~[na:na]
	at org.apache.maven.cli.MavenCli.main(MavenCli.java:158) ~[na:na]
	at sun.reflect.NativeMethodAccessorImpl.invoke0(Native Method) ~[na:1.7.0_25]
	at sun.reflect.NativeMethodAccessorImpl.invoke(NativeMethodAccessorImpl.java:57) ~[na:1.7.0_25]
	at sun.reflect.DelegatingMethodAccessorImpl.invoke(DelegatingMethodAccessorImpl.java:43) ~[na:1.7.0_25]
	at java.lang.reflect.Method.invoke(Method.java:606) ~[na:1.7.0_25]
	at org.codehaus.plexus.classworlds.launcher.Launcher.launchEnhanced(Launcher.java:289) ~[na:na]
	at org.codehaus.plexus.classworlds.launcher.Launcher.launch(Launcher.java:229) ~[na:na]
	at org.codehaus.plexus.classworlds.launcher.Launcher.mainWithExitCode(Launcher.java:415) ~[na:na]
	at org.codehaus.plexus.classworlds.launcher.Launcher.main(Launcher.java:356) ~[na:na]
Caused by: org.springframework.context.annotation.ConflictingBeanDefinitionException: Annotation-specified bean name 'frontpageController' for bean class [fxc.web.frontpage.FrontpageController] conflicts with existing, non-compatible bean definition of same name and class [fxc.web.account.FrontpageController]
	at org.springframework.context.annotation.ClassPathBeanDefinitionScanner.checkCandidate(ClassPathBeanDefinitionScanner.java:312) ~[spring-context-3.2.3.RELEASE.jar:3.2.3.RELEASE]
	at org.springframework.context.annotation.ClassPathBeanDefinitionScanner.doScan(ClassPathBeanDefinitionScanner.java:253) ~[spring-context-3.2.3.RELEASE.jar:3.2.3.RELEASE]
	at org.springframework.context.annotation.ComponentScanBeanDefinitionParser.parse(ComponentScanBeanDefinitionParser.java:84) ~[spring-context-3.2.3.RELEASE.jar:3.2.3.RELEASE]
	at org.springframework.beans.factory.xml.NamespaceHandlerSupport.parse(NamespaceHandlerSupport.java:73) ~[spring-beans-3.2.3.RELEASE.jar:3.2.3.RELEASE]
	at org.springframework.beans.factory.xml.BeanDefinitionParserDelegate.parseCustomElement(BeanDefinitionParserDelegate.java:1438) ~[spring-beans-3.2.3.RELEASE.jar:3.2.3.RELEASE]
	at org.springframework.beans.factory.xml.BeanDefinitionParserDelegate.parseCustomElement(BeanDefinitionParserDelegate.java:1428) ~[spring-beans-3.2.3.RELEASE.jar:3.2.3.RELEASE]
	at org.springframework.beans.factory.xml.DefaultBeanDefinitionDocumentReader.parseBeanDefinitions(DefaultBeanDefinitionDocumentReader.java:185) ~[spring-beans-3.2.3.RELEASE.jar:3.2.3.RELEASE]
	at org.springframework.beans.factory.xml.DefaultBeanDefinitionDocumentReader.doRegisterBeanDefinitions(DefaultBeanDefinitionDocumentReader.java:139) ~[spring-beans-3.2.3.RELEASE.jar:3.2.3.RELEASE]
	at org.springframework.beans.factory.xml.DefaultBeanDefinitionDocumentReader.registerBeanDefinitions(DefaultBeanDefinitionDocumentReader.java:108) ~[spring-beans-3.2.3.RELEASE.jar:3.2.3.RELEASE]
	at org.springframework.beans.factory.xml.XmlBeanDefinitionReader.registerBeanDefinitions(XmlBeanDefinitionReader.java:493) ~[spring-beans-3.2.3.RELEASE.jar:3.2.3.RELEASE]
	at org.springframework.beans.factory.xml.XmlBeanDefinitionReader.doLoadBeanDefinitions(XmlBeanDefinitionReader.java:390) ~[spring-beans-3.2.3.RELEASE.jar:3.2.3.RELEASE]
	... 60 common frames omitted
13:00:01.400 [main] ERROR o.s.web.servlet.DispatcherServlet - Context initialization failed
org.springframework.beans.factory.BeanDefinitionStoreException: Unexpected exception parsing XML document from ServletContext resource [/WEB-INF/spring-mvc.xml]; nested exception is org.springframework.context.annotation.ConflictingBeanDefinitionException: Annotation-specified bean name 'frontpageController' for bean class [fxc.web.frontpage.FrontpageController] conflicts with existing, non-compatible bean definition of same name and class [fxc.web.account.FrontpageController]
	at org.springframework.beans.factory.xml.XmlBeanDefinitionReader.doLoadBeanDefinitions(XmlBeanDefinitionReader.java:412) ~[spring-beans-3.2.3.RELEASE.jar:3.2.3.RELEASE]
	at org.springframework.beans.factory.xml.XmlBeanDefinitionReader.loadBeanDefinitions(XmlBeanDefinitionReader.java:334) ~[spring-beans-3.2.3.RELEASE.jar:3.2.3.RELEASE]
	at org.springframework.beans.factory.xml.XmlBeanDefinitionReader.loadBeanDefinitions(XmlBeanDefinitionReader.java:302) ~[spring-beans-3.2.3.RELEASE.jar:3.2.3.RELEASE]
	at org.springframework.beans.factory.support.AbstractBeanDefinitionReader.loadBeanDefinitions(AbstractBeanDefinitionReader.java:174) ~[spring-beans-3.2.3.RELEASE.jar:3.2.3.RELEASE]
	at org.springframework.beans.factory.support.AbstractBeanDefinitionReader.loadBeanDefinitions(AbstractBeanDefinitionReader.java:209) ~[spring-beans-3.2.3.RELEASE.jar:3.2.3.RELEASE]
	at org.springframework.beans.factory.support.AbstractBeanDefinitionReader.loadBeanDefinitions(AbstractBeanDefinitionReader.java:180) ~[spring-beans-3.2.3.RELEASE.jar:3.2.3.RELEASE]
	at org.springframework.web.context.support.XmlWebApplicationContext.loadBeanDefinitions(XmlWebApplicationContext.java:125) ~[spring-web-3.2.3.RELEASE.jar:3.2.3.RELEASE]
	at org.springframework.web.context.support.XmlWebApplicationContext.loadBeanDefinitions(XmlWebApplicationContext.java:94) ~[spring-web-3.2.3.RELEASE.jar:3.2.3.RELEASE]
	at org.springframework.context.support.AbstractRefreshableApplicationContext.refreshBeanFactory(AbstractRefreshableApplicationContext.java:130) ~[spring-context-3.2.3.RELEASE.jar:3.2.3.RELEASE]
	at org.springframework.context.support.AbstractApplicationContext.obtainFreshBeanFactory(AbstractApplicationContext.java:537) ~[spring-context-3.2.3.RELEASE.jar:3.2.3.RELEASE]
	at org.springframework.context.support.AbstractApplicationContext.refresh(AbstractApplicationContext.java:451) ~[spring-context-3.2.3.RELEASE.jar:3.2.3.RELEASE]
	at org.springframework.web.servlet.FrameworkServlet.configureAndRefreshWebApplicationContext(FrameworkServlet.java:651) ~[spring-webmvc-3.2.3.RELEASE.jar:3.2.3.RELEASE]
	at org.springframework.web.servlet.FrameworkServlet.createWebApplicationContext(FrameworkServlet.java:599) ~[spring-webmvc-3.2.3.RELEASE.jar:3.2.3.RELEASE]
	at org.springframework.web.servlet.FrameworkServlet.createWebApplicationContext(FrameworkServlet.java:665) ~[spring-webmvc-3.2.3.RELEASE.jar:3.2.3.RELEASE]
	at org.springframework.web.servlet.FrameworkServlet.initWebApplicationContext(FrameworkServlet.java:518) ~[spring-webmvc-3.2.3.RELEASE.jar:3.2.3.RELEASE]
	at org.springframework.web.servlet.FrameworkServlet.initServletBean(FrameworkServlet.java:459) ~[spring-webmvc-3.2.3.RELEASE.jar:3.2.3.RELEASE]
	at org.springframework.web.servlet.HttpServletBean.init(HttpServletBean.java:136) ~[spring-webmvc-3.2.3.RELEASE.jar:3.2.3.RELEASE]
	at javax.servlet.GenericServlet.init(GenericServlet.java:242) ~[servlet-api-3.0.jar:na]
	at org.eclipse.jetty.servlet.ServletHolder.initServlet(ServletHolder.java:492) ~[jetty-webapp-7.6.11.v20130520.jar:8.1.2.v20120308]
	at org.eclipse.jetty.servlet.ServletHolder.doStart(ServletHolder.java:312) ~[jetty-webapp-7.6.11.v20130520.jar:8.1.2.v20120308]
	at org.eclipse.jetty.util.component.AbstractLifeCycle.start(AbstractLifeCycle.java:59) ~[jetty-webapp-7.6.11.v20130520.jar:8.1.2.v20120308]
	at org.eclipse.jetty.servlet.ServletHandler.initialize(ServletHandler.java:777) ~[jetty-webapp-7.6.11.v20130520.jar:8.1.2.v20120308]
	at org.eclipse.jetty.servlet.ServletContextHandler.startContext(ServletContextHandler.java:258) ~[jetty-webapp-7.6.11.v20130520.jar:8.1.2.v20120308]
	at org.eclipse.jetty.webapp.WebAppContext.startContext(WebAppContext.java:1221) ~[jetty-webapp-7.6.11.v20130520.jar:8.1.2.v20120308]
	at org.eclipse.jetty.server.handler.ContextHandler.doStart(ContextHandler.java:699) ~[jetty-webapp-7.6.11.v20130520.jar:8.1.2.v20120308]
	at org.eclipse.jetty.webapp.WebAppContext.doStart(WebAppContext.java:454) ~[jetty-webapp-7.6.11.v20130520.jar:8.1.2.v20120308]
	at org.eclipse.jetty.util.component.AbstractLifeCycle.start(AbstractLifeCycle.java:59) ~[jetty-webapp-7.6.11.v20130520.jar:8.1.2.v20120308]
	at org.eclipse.jetty.server.handler.HandlerWrapper.doStart(HandlerWrapper.java:90) ~[jetty-webapp-7.6.11.v20130520.jar:8.1.2.v20120308]
	at org.eclipse.jetty.server.Server.doStart(Server.java:263) ~[jetty-webapp-7.6.11.v20130520.jar:8.1.2.v20120308]
	at org.eclipse.jetty.util.component.AbstractLifeCycle.start(AbstractLifeCycle.java:59) ~[jetty-webapp-7.6.11.v20130520.jar:8.1.2.v20120308]
	at runjettyrun.Bootstrap.main(Bootstrap.java:80) ~[run-jetty-run-bootstrap-jetty8.jar:na]
Caused by: org.springframework.context.annotation.ConflictingBeanDefinitionException: Annotation-specified bean name 'frontpageController' for bean class [fxc.web.frontpage.FrontpageController] conflicts with existing, non-compatible bean definition of same name and class [fxc.web.account.FrontpageController]
	at org.springframework.context.annotation.ClassPathBeanDefinitionScanner.checkCandidate(ClassPathBeanDefinitionScanner.java:312) ~[spring-context-3.2.3.RELEASE.jar:3.2.3.RELEASE]
	at org.springframework.context.annotation.ClassPathBeanDefinitionScanner.doScan(ClassPathBeanDefinitionScanner.java:253) ~[spring-context-3.2.3.RELEASE.jar:3.2.3.RELEASE]
	at org.springframework.context.annotation.ComponentScanBeanDefinitionParser.parse(ComponentScanBeanDefinitionParser.java:84) ~[spring-context-3.2.3.RELEASE.jar:3.2.3.RELEASE]
	at org.springframework.beans.factory.xml.NamespaceHandlerSupport.parse(NamespaceHandlerSupport.java:73) ~[spring-beans-3.2.3.RELEASE.jar:3.2.3.RELEASE]
	at org.springframework.beans.factory.xml.BeanDefinitionParserDelegate.parseCustomElement(BeanDefinitionParserDelegate.java:1438) ~[spring-beans-3.2.3.RELEASE.jar:3.2.3.RELEASE]
	at org.springframework.beans.factory.xml.BeanDefinitionParserDelegate.parseCustomElement(BeanDefinitionParserDelegate.java:1428) ~[spring-beans-3.2.3.RELEASE.jar:3.2.3.RELEASE]
	at org.springframework.beans.factory.xml.DefaultBeanDefinitionDocumentReader.parseBeanDefinitions(DefaultBeanDefinitionDocumentReader.java:185) ~[spring-beans-3.2.3.RELEASE.jar:3.2.3.RELEASE]
	at org.springframework.beans.factory.xml.DefaultBeanDefinitionDocumentReader.doRegisterBeanDefinitions(DefaultBeanDefinitionDocumentReader.java:139) ~[spring-beans-3.2.3.RELEASE.jar:3.2.3.RELEASE]
	at org.springframework.beans.factory.xml.DefaultBeanDefinitionDocumentReader.registerBeanDefinitions(DefaultBeanDefinitionDocumentReader.java:108) ~[spring-beans-3.2.3.RELEASE.jar:3.2.3.RELEASE]
	at org.springframework.beans.factory.xml.XmlBeanDefinitionReader.registerBeanDefinitions(XmlBeanDefinitionReader.java:493) ~[spring-beans-3.2.3.RELEASE.jar:3.2.3.RELEASE]
	at org.springframework.beans.factory.xml.XmlBeanDefinitionReader.doLoadBeanDefinitions(XmlBeanDefinitionReader.java:390) ~[spring-beans-3.2.3.RELEASE.jar:3.2.3.RELEASE]
	... 30 common frames omitted
15:21:26.358 [qtp332640170-18] INFO  f.rest.account.AccountRestController - ct씩퉶촓쫩
15:31:34.538 [qtp332640170-21] INFO  f.rest.account.AccountRestController - ct씩퉶촓쫩
15:32:33.105 [qtp332640170-20] INFO  f.rest.account.AccountRestController - ct씩퉶촓쫩
15:32:34.156 [qtp332640170-22] INFO  f.rest.account.AccountRestController - ct씩퉶촓쫩
15:39:18.426 [qtp332640170-24] INFO  f.rest.account.AccountRestController - v씩퉶촓쫩
15:39:50.979 [qtp332640170-22] INFO  f.rest.account.AccountRestController - c씩퉶촓쫩
15:44:37.321 [qtp332640170-22] INFO  f.rest.account.AccountRestController - a씩퉶촓쫩
15:45:51.882 [qtp332640170-18] INFO  f.rest.account.AccountRestController - a씩퉶촓쫩
15:49:09.510 [qtp332640170-18] INFO  f.rest.account.AccountRestController - a씩퉶촓쫩
16:17:38.959 [qtp332640170-22] INFO  f.rest.account.AccountRestController - a씩퉶촓쫩
16:17:41.086 [qtp332640170-21] INFO  f.rest.account.AccountRestController - a씩퉶촓쫩
16:17:41.843 [qtp332640170-22] INFO  f.rest.account.AccountRestController - a씩퉶촓쫩
16:17:42.454 [qtp332640170-18] INFO  f.rest.account.AccountRestController - a씩퉶촓쫩
16:17:43.002 [qtp332640170-21] INFO  f.rest.account.AccountRestController - a씩퉶촓쫩
16:17:43.412 [qtp332640170-23] INFO  f.rest.account.AccountRestController - a씩퉶촓쫩
16:17:43.681 [qtp332640170-24] INFO  f.rest.account.AccountRestController - a씩퉶촓쫩
16:17:43.956 [qtp332640170-18] INFO  f.rest.account.AccountRestController - a씩퉶촓쫩
16:17:44.224 [qtp332640170-21] INFO  f.rest.account.AccountRestController - a씩퉶촓쫩
16:17:49.319 [qtp332640170-22] INFO  f.rest.account.AccountRestController - a씩퉶촓쫩
16:17:49.655 [qtp332640170-24] INFO  f.rest.account.AccountRestController - a씩퉶촓쫩
16:17:49.888 [qtp332640170-20] INFO  f.rest.account.AccountRestController - a씩퉶촓쫩
16:17:50.125 [qtp332640170-21] INFO  f.rest.account.AccountRestController - a씩퉶촓쫩
16:17:50.342 [qtp332640170-23] INFO  f.rest.account.AccountRestController - a씩퉶촓쫩
16:17:50.555 [qtp332640170-24] INFO  f.rest.account.AccountRestController - a씩퉶촓쫩
16:17:50.780 [qtp332640170-18] INFO  f.rest.account.AccountRestController - a씩퉶촓쫩
16:17:50.985 [qtp332640170-21] INFO  f.rest.account.AccountRestController - a씩퉶촓쫩
16:17:51.516 [qtp332640170-23] INFO  f.rest.account.AccountRestController - a씩퉶촓쫩
16:17:51.746 [qtp332640170-24] INFO  f.rest.account.AccountRestController - a씩퉶촓쫩
16:17:51.955 [qtp332640170-20] INFO  f.rest.account.AccountRestController - a씩퉶촓쫩
16:17:52.192 [qtp332640170-21] INFO  f.rest.account.AccountRestController - a씩퉶촓쫩
16:17:52.768 [qtp332640170-23] INFO  f.rest.account.AccountRestController - a씩퉶촓쫩
16:17:52.984 [qtp332640170-24] INFO  f.rest.account.AccountRestController - a씩퉶촓쫩
16:17:53.236 [qtp332640170-18] INFO  f.rest.account.AccountRestController - a씩퉶촓쫩
16:17:54.024 [qtp332640170-22] INFO  f.rest.account.AccountRestController - a씩퉶촓쫩
16:17:54.244 [qtp332640170-23] INFO  f.rest.account.AccountRestController - a씩퉶촓쫩
16:17:55.190 [qtp332640170-21] INFO  f.rest.account.AccountRestController - a씩퉶촓쫩
16:17:55.417 [qtp332640170-22] INFO  f.rest.account.AccountRestController - a씩퉶촓쫩
16:17:55.672 [qtp332640170-24] INFO  f.rest.account.AccountRestController - a씩퉶촓쫩
16:18:00.498 [qtp332640170-20] INFO  f.rest.account.AccountRestController - a씩퉶촓쫩
16:18:02.358 [qtp332640170-23] INFO  f.rest.account.AccountRestController - a씩퉶촓쫩
16:18:02.603 [qtp332640170-18] INFO  f.rest.account.AccountRestController - a씩퉶촓쫩
16:18:02.806 [qtp332640170-20] INFO  f.rest.account.AccountRestController - a씩퉶촓쫩
16:18:02.992 [qtp332640170-22] INFO  f.rest.account.AccountRestController - a씩퉶촓쫩
16:18:03.478 [qtp332640170-23] INFO  f.rest.account.AccountRestController - a씩퉶촓쫩
16:18:03.713 [qtp332640170-18] INFO  f.rest.account.AccountRestController - a씩퉶촓쫩
16:18:03.928 [qtp332640170-21] INFO  f.rest.account.AccountRestController - a씩퉶촓쫩
16:18:04.390 [qtp332640170-24] INFO  f.rest.account.AccountRestController - a씩퉶촓쫩
16:18:04.673 [qtp332640170-23] INFO  f.rest.account.AccountRestController - a씩퉶촓쫩
16:18:04.904 [qtp332640170-18] INFO  f.rest.account.AccountRestController - a씩퉶촓쫩
16:18:05.669 [qtp332640170-22] INFO  f.rest.account.AccountRestController - a씩퉶촓쫩
16:18:05.887 [qtp332640170-24] INFO  f.rest.account.AccountRestController - a씩퉶촓쫩
16:18:06.102 [qtp332640170-20] INFO  f.rest.account.AccountRestController - a씩퉶촓쫩
16:18:06.394 [qtp332640170-18] INFO  f.rest.account.AccountRestController - a씩퉶촓쫩
16:18:06.641 [qtp332640170-22] INFO  f.rest.account.AccountRestController - a씩퉶촓쫩
16:18:06.893 [qtp332640170-23] INFO  f.rest.account.AccountRestController - a씩퉶촓쫩
16:18:07.108 [qtp332640170-20] INFO  f.rest.account.AccountRestController - a씩퉶촓쫩
16:18:08.743 [qtp332640170-22] INFO  f.rest.account.AccountRestController - a씩퉶촓쫩
16:18:08.982 [qtp332640170-23] INFO  f.rest.account.AccountRestController - a씩퉶촓쫩
16:18:13.413 [qtp332640170-20] INFO  f.rest.account.AccountRestController - a씩퉶촓쫩
16:18:13.657 [qtp332640170-21] INFO  f.rest.account.AccountRestController - a씩퉶촓쫩
16:18:59.674 [qtp332640170-24] INFO  f.rest.account.AccountRestController - a씩퉶촓쫩
16:20:55.007 [qtp332640170-18] INFO  f.rest.account.AccountRestController - a씩퉶촓쫩
16:24:20.546 [qtp332640170-24] INFO  f.rest.account.AccountRestController - 씩퉶촓쫩
16:25:39.111 [qtp332640170-23] INFO  f.rest.account.AccountRestController - a씩퉶촓쫩
16:25:51.491 [qtp332640170-18] INFO  f.rest.account.AccountRestController - a씩퉶촓쫩
20:39:35.116 [qtp1732986677-27] INFO  f.rest.account.AccountRestController - a卵뢛싓謗륁꿘
20:39:37.995 [qtp1732986677-21] INFO  f.rest.account.AccountRestController - owner卵뢛싓謗륁꿘
20:39:39.277 [qtp1732986677-27] INFO  f.rest.account.AccountRestController - owner卵뢛싓謗륁꿘
20:41:33.782 [qtp1732986677-27] INFO  f.rest.account.AccountRestController - owner卵뢛싓謗륁꿘
20:45:48.164 [qtp1732986677-26] ERROR 500.jsp - null
java.lang.NullPointerException: null
	at fxc.rest.account.AccountRestController.getInformation(AccountRestController.java:62) ~[classes/:na]
	at sun.reflect.NativeMethodAccessorImpl.invoke0(Native Method) ~[na:1.7.0_25]
	at sun.reflect.NativeMethodAccessorImpl.invoke(NativeMethodAccessorImpl.java:57) ~[na:1.7.0_25]
	at sun.reflect.DelegatingMethodAccessorImpl.invoke(DelegatingMethodAccessorImpl.java:43) ~[na:1.7.0_25]
	at java.lang.reflect.Method.invoke(Method.java:606) ~[na:1.7.0_25]
	at org.springframework.web.method.support.InvocableHandlerMethod.invoke(InvocableHandlerMethod.java:219) ~[spring-web-3.2.3.RELEASE.jar:3.2.3.RELEASE]
	at org.springframework.web.method.support.InvocableHandlerMethod.invokeForRequest(InvocableHandlerMethod.java:132) ~[spring-web-3.2.3.RELEASE.jar:3.2.3.RELEASE]
	at org.springframework.web.servlet.mvc.method.annotation.ServletInvocableHandlerMethod.invokeAndHandle(ServletInvocableHandlerMethod.java:104) ~[spring-webmvc-3.2.3.RELEASE.jar:3.2.3.RELEASE]
	at org.springframework.web.servlet.mvc.method.annotation.RequestMappingHandlerAdapter.invokeHandleMethod(RequestMappingHandlerAdapter.java:745) ~[spring-webmvc-3.2.3.RELEASE.jar:3.2.3.RELEASE]
	at org.springframework.web.servlet.mvc.method.annotation.RequestMappingHandlerAdapter.handleInternal(RequestMappingHandlerAdapter.java:686) ~[spring-webmvc-3.2.3.RELEASE.jar:3.2.3.RELEASE]
	at org.springframework.web.servlet.mvc.method.AbstractHandlerMethodAdapter.handle(AbstractHandlerMethodAdapter.java:80) ~[spring-webmvc-3.2.3.RELEASE.jar:3.2.3.RELEASE]
	at org.springframework.web.servlet.DispatcherServlet.doDispatch(DispatcherServlet.java:925) [spring-webmvc-3.2.3.RELEASE.jar:3.2.3.RELEASE]
	at org.springframework.web.servlet.DispatcherServlet.doService(DispatcherServlet.java:856) [spring-webmvc-3.2.3.RELEASE.jar:3.2.3.RELEASE]
	at org.springframework.web.servlet.FrameworkServlet.processRequest(FrameworkServlet.java:936) ~[spring-webmvc-3.2.3.RELEASE.jar:3.2.3.RELEASE]
	at org.springframework.web.servlet.FrameworkServlet.doGet(FrameworkServlet.java:827) ~[spring-webmvc-3.2.3.RELEASE.jar:3.2.3.RELEASE]
	at javax.servlet.http.HttpServlet.service(HttpServlet.java:734) ~[servlet-api-3.0.jar:na]
	at org.springframework.web.servlet.FrameworkServlet.service(FrameworkServlet.java:812) ~[spring-webmvc-3.2.3.RELEASE.jar:3.2.3.RELEASE]
	at javax.servlet.http.HttpServlet.service(HttpServlet.java:847) ~[servlet-api-3.0.jar:na]
	at org.eclipse.jetty.servlet.ServletHolder.handle(ServletHolder.java:594) ~[jetty-webapp-7.6.11.v20130520.jar:8.1.2.v20120308]
	at org.eclipse.jetty.servlet.ServletHandler$CachedChain.doFilter(ServletHandler.java:1366) ~[jetty-webapp-7.6.11.v20130520.jar:8.1.2.v20120308]
	at com.opensymphony.sitemesh.webapp.SiteMeshFilter.doFilter(SiteMeshFilter.java:65) ~[sitemesh-2.4.2.jar:na]
	at org.eclipse.jetty.servlet.ServletHandler$CachedChain.doFilter(ServletHandler.java:1337) ~[jetty-webapp-7.6.11.v20130520.jar:8.1.2.v20120308]
	at org.apache.shiro.web.servlet.ProxiedFilterChain.doFilter(ProxiedFilterChain.java:61) ~[shiro-web-1.2.2.jar:1.2.2]
	at org.apache.shiro.web.servlet.AdviceFilter.executeChain(AdviceFilter.java:108) ~[shiro-web-1.2.2.jar:1.2.2]
	at org.apache.shiro.web.servlet.AdviceFilter.doFilterInternal(AdviceFilter.java:137) ~[shiro-web-1.2.2.jar:1.2.2]
	at org.apache.shiro.web.servlet.OncePerRequestFilter.doFilter(OncePerRequestFilter.java:125) ~[shiro-web-1.2.2.jar:1.2.2]
	at org.apache.shiro.web.servlet.ProxiedFilterChain.doFilter(ProxiedFilterChain.java:66) ~[shiro-web-1.2.2.jar:1.2.2]
	at org.apache.shiro.web.servlet.AbstractShiroFilter.executeChain(AbstractShiroFilter.java:449) ~[shiro-web-1.2.2.jar:1.2.2]
	at org.apache.shiro.web.servlet.AbstractShiroFilter$1.call(AbstractShiroFilter.java:365) ~[shiro-web-1.2.2.jar:1.2.2]
	at org.apache.shiro.subject.support.SubjectCallable.doCall(SubjectCallable.java:90) ~[shiro-core-1.2.2.jar:1.2.2]
	at org.apache.shiro.subject.support.SubjectCallable.call(SubjectCallable.java:83) ~[shiro-core-1.2.2.jar:1.2.2]
	at org.apache.shiro.subject.support.DelegatingSubject.execute(DelegatingSubject.java:383) ~[shiro-core-1.2.2.jar:1.2.2]
	at org.apache.shiro.web.servlet.AbstractShiroFilter.doFilterInternal(AbstractShiroFilter.java:362) ~[shiro-web-1.2.2.jar:1.2.2]
	at org.apache.shiro.web.servlet.OncePerRequestFilter.doFilter(OncePerRequestFilter.java:125) ~[shiro-web-1.2.2.jar:1.2.2]
	at org.springframework.web.filter.DelegatingFilterProxy.invokeDelegate(DelegatingFilterProxy.java:346) ~[spring-web-3.2.3.RELEASE.jar:3.2.3.RELEASE]
	at org.springframework.web.filter.DelegatingFilterProxy.doFilter(DelegatingFilterProxy.java:259) ~[spring-web-3.2.3.RELEASE.jar:3.2.3.RELEASE]
	at org.eclipse.jetty.servlet.ServletHandler$CachedChain.doFilter(ServletHandler.java:1337) ~[jetty-webapp-7.6.11.v20130520.jar:8.1.2.v20120308]
	at org.springframework.orm.jpa.support.OpenEntityManagerInViewFilter.doFilterInternal(OpenEntityManagerInViewFilter.java:180) ~[spring-orm-3.2.3.RELEASE.jar:3.2.3.RELEASE]
	at org.springframework.web.filter.OncePerRequestFilter.doFilter(OncePerRequestFilter.java:107) ~[spring-web-3.2.3.RELEASE.jar:3.2.3.RELEASE]
	at org.eclipse.jetty.servlet.ServletHandler$CachedChain.doFilter(ServletHandler.java:1337) ~[jetty-webapp-7.6.11.v20130520.jar:8.1.2.v20120308]
	at org.springframework.web.filter.CharacterEncodingFilter.doFilterInternal(CharacterEncodingFilter.java:88) ~[spring-web-3.2.3.RELEASE.jar:3.2.3.RELEASE]
	at org.springframework.web.filter.OncePerRequestFilter.doFilter(OncePerRequestFilter.java:107) ~[spring-web-3.2.3.RELEASE.jar:3.2.3.RELEASE]
	at org.eclipse.jetty.servlet.ServletHandler$CachedChain.doFilter(ServletHandler.java:1337) ~[jetty-webapp-7.6.11.v20130520.jar:8.1.2.v20120308]
	at org.eclipse.jetty.servlet.ServletHandler.doHandle(ServletHandler.java:484) ~[jetty-webapp-7.6.11.v20130520.jar:8.1.2.v20120308]
	at org.eclipse.jetty.server.handler.ScopedHandler.handle(ScopedHandler.java:119) ~[jetty-webapp-7.6.11.v20130520.jar:8.1.2.v20120308]
	at org.eclipse.jetty.security.SecurityHandler.handle(SecurityHandler.java:524) ~[jetty-webapp-7.6.11.v20130520.jar:8.1.2.v20120308]
	at org.eclipse.jetty.server.session.SessionHandler.doHandle(SessionHandler.java:233) ~[jetty-webapp-7.6.11.v20130520.jar:8.1.2.v20120308]
	at org.eclipse.jetty.server.handler.ContextHandler.doHandle(ContextHandler.java:1065) ~[jetty-webapp-7.6.11.v20130520.jar:8.1.2.v20120308]
	at org.eclipse.jetty.servlet.ServletHandler.doScope(ServletHandler.java:413) ~[jetty-webapp-7.6.11.v20130520.jar:8.1.2.v20120308]
	at org.eclipse.jetty.server.session.SessionHandler.doScope(SessionHandler.java:192) ~[jetty-webapp-7.6.11.v20130520.jar:8.1.2.v20120308]
	at org.eclipse.jetty.server.handler.ContextHandler.doScope(ContextHandler.java:999) ~[jetty-webapp-7.6.11.v20130520.jar:8.1.2.v20120308]
	at org.eclipse.jetty.server.handler.ScopedHandler.handle(ScopedHandler.java:117) ~[jetty-webapp-7.6.11.v20130520.jar:8.1.2.v20120308]
	at org.eclipse.jetty.server.handler.HandlerWrapper.handle(HandlerWrapper.java:111) ~[jetty-webapp-7.6.11.v20130520.jar:8.1.2.v20120308]
	at org.eclipse.jetty.server.Server.handle(Server.java:351) ~[jetty-webapp-7.6.11.v20130520.jar:8.1.2.v20120308]
	at org.eclipse.jetty.server.AbstractHttpConnection.handleRequest(AbstractHttpConnection.java:454) ~[jetty-webapp-7.6.11.v20130520.jar:8.1.2.v20120308]
	at org.eclipse.jetty.server.AbstractHttpConnection.headerComplete(AbstractHttpConnection.java:890) ~[jetty-webapp-7.6.11.v20130520.jar:8.1.2.v20120308]
	at org.eclipse.jetty.server.AbstractHttpConnection$RequestHandler.headerComplete(AbstractHttpConnection.java:944) ~[jetty-webapp-7.6.11.v20130520.jar:8.1.2.v20120308]
	at org.eclipse.jetty.http.HttpParser.parseNext(HttpParser.java:634) ~[jetty-webapp-7.6.11.v20130520.jar:8.1.2.v20120308]
	at org.eclipse.jetty.http.HttpParser.parseAvailable(HttpParser.java:230) ~[jetty-webapp-7.6.11.v20130520.jar:8.1.2.v20120308]
	at org.eclipse.jetty.server.AsyncHttpConnection.handle(AsyncHttpConnection.java:77) ~[jetty-webapp-7.6.11.v20130520.jar:8.1.2.v20120308]
	at org.eclipse.jetty.io.nio.SelectChannelEndPoint.handle(SelectChannelEndPoint.java:609) ~[jetty-webapp-7.6.11.v20130520.jar:8.1.2.v20120308]
	at org.eclipse.jetty.io.nio.SelectChannelEndPoint$1.run(SelectChannelEndPoint.java:45) ~[jetty-webapp-7.6.11.v20130520.jar:8.1.2.v20120308]
	at org.eclipse.jetty.util.thread.QueuedThreadPool.runJob(QueuedThreadPool.java:599) ~[jetty-webapp-7.6.11.v20130520.jar:8.1.2.v20120308]
	at org.eclipse.jetty.util.thread.QueuedThreadPool$3.run(QueuedThreadPool.java:534) ~[jetty-webapp-7.6.11.v20130520.jar:8.1.2.v20120308]
	at java.lang.Thread.run(Thread.java:724) ~[na:1.7.0_25]
20:50:27.379 [qtp1732986677-21] INFO  f.rest.account.AccountRestController - owner卵뢛싓謗륁꿘
20:52:55.771 [qtp1732986677-25] INFO  f.rest.account.AccountRestController - owner卵뢛싓謗륁꿘
20:56:16.247 [qtp1732986677-27] INFO  f.rest.account.AccountRestController - owner卵뢛싓謗륁꿘
21:41:41.514 [qtp1732986677-26] INFO  f.rest.account.AccountRestController - owner卵뢛싓謗륁꿘
21:42:51.227 [qtp1732986677-24] INFO  f.rest.account.AccountRestController - owner卵뢛싓謗륁꿘
21:46:42.494 [qtp1732986677-26] INFO  f.rest.account.AccountRestController - owner卵뢛싓謗륁꿘
22:10:16.479 [qtp748309360-24] INFO  f.rest.account.AccountRestController - owner卵뢛싓謗륁꿘
22:15:08.453 [qtp748309360-22] INFO  f.rest.account.AccountRestController - owner卵뢛싓謗륁꿘
22:16:32.744 [qtp748309360-25] INFO  f.rest.account.AccountRestController - owner卵뢛싓謗륁꿘
22:23:12.947 [qtp748309360-23] ERROR 500.jsp - null
java.lang.NullPointerException: null
	at fxc.rest.account.AccountRestController.getInformation(AccountRestController.java:62) ~[classes/:na]
	at sun.reflect.NativeMethodAccessorImpl.invoke0(Native Method) ~[na:1.7.0_25]
	at sun.reflect.NativeMethodAccessorImpl.invoke(NativeMethodAccessorImpl.java:57) ~[na:1.7.0_25]
	at sun.reflect.DelegatingMethodAccessorImpl.invoke(DelegatingMethodAccessorImpl.java:43) ~[na:1.7.0_25]
	at java.lang.reflect.Method.invoke(Method.java:606) ~[na:1.7.0_25]
	at org.springframework.web.method.support.InvocableHandlerMethod.invoke(InvocableHandlerMethod.java:219) ~[spring-web-3.2.3.RELEASE.jar:3.2.3.RELEASE]
	at org.springframework.web.method.support.InvocableHandlerMethod.invokeForRequest(InvocableHandlerMethod.java:132) ~[spring-web-3.2.3.RELEASE.jar:3.2.3.RELEASE]
	at org.springframework.web.servlet.mvc.method.annotation.ServletInvocableHandlerMethod.invokeAndHandle(ServletInvocableHandlerMethod.java:104) ~[spring-webmvc-3.2.3.RELEASE.jar:3.2.3.RELEASE]
	at org.springframework.web.servlet.mvc.method.annotation.RequestMappingHandlerAdapter.invokeHandleMethod(RequestMappingHandlerAdapter.java:745) ~[spring-webmvc-3.2.3.RELEASE.jar:3.2.3.RELEASE]
	at org.springframework.web.servlet.mvc.method.annotation.RequestMappingHandlerAdapter.handleInternal(RequestMappingHandlerAdapter.java:686) ~[spring-webmvc-3.2.3.RELEASE.jar:3.2.3.RELEASE]
	at org.springframework.web.servlet.mvc.method.AbstractHandlerMethodAdapter.handle(AbstractHandlerMethodAdapter.java:80) ~[spring-webmvc-3.2.3.RELEASE.jar:3.2.3.RELEASE]
	at org.springframework.web.servlet.DispatcherServlet.doDispatch(DispatcherServlet.java:925) [spring-webmvc-3.2.3.RELEASE.jar:3.2.3.RELEASE]
	at org.springframework.web.servlet.DispatcherServlet.doService(DispatcherServlet.java:856) [spring-webmvc-3.2.3.RELEASE.jar:3.2.3.RELEASE]
	at org.springframework.web.servlet.FrameworkServlet.processRequest(FrameworkServlet.java:936) ~[spring-webmvc-3.2.3.RELEASE.jar:3.2.3.RELEASE]
	at org.springframework.web.servlet.FrameworkServlet.doGet(FrameworkServlet.java:827) ~[spring-webmvc-3.2.3.RELEASE.jar:3.2.3.RELEASE]
	at javax.servlet.http.HttpServlet.service(HttpServlet.java:734) ~[servlet-api-3.0.jar:na]
	at org.springframework.web.servlet.FrameworkServlet.service(FrameworkServlet.java:812) ~[spring-webmvc-3.2.3.RELEASE.jar:3.2.3.RELEASE]
	at javax.servlet.http.HttpServlet.service(HttpServlet.java:847) ~[servlet-api-3.0.jar:na]
	at org.eclipse.jetty.servlet.ServletHolder.handle(ServletHolder.java:594) ~[jetty-webapp-7.6.11.v20130520.jar:8.1.2.v20120308]
	at org.eclipse.jetty.servlet.ServletHandler$CachedChain.doFilter(ServletHandler.java:1366) ~[jetty-webapp-7.6.11.v20130520.jar:8.1.2.v20120308]
	at com.opensymphony.sitemesh.webapp.SiteMeshFilter.doFilter(SiteMeshFilter.java:65) ~[sitemesh-2.4.2.jar:na]
	at org.eclipse.jetty.servlet.ServletHandler$CachedChain.doFilter(ServletHandler.java:1337) ~[jetty-webapp-7.6.11.v20130520.jar:8.1.2.v20120308]
	at org.apache.shiro.web.servlet.ProxiedFilterChain.doFilter(ProxiedFilterChain.java:61) ~[shiro-web-1.2.2.jar:1.2.2]
	at org.apache.shiro.web.servlet.AdviceFilter.executeChain(AdviceFilter.java:108) ~[shiro-web-1.2.2.jar:1.2.2]
	at org.apache.shiro.web.servlet.AdviceFilter.doFilterInternal(AdviceFilter.java:137) ~[shiro-web-1.2.2.jar:1.2.2]
	at org.apache.shiro.web.servlet.OncePerRequestFilter.doFilter(OncePerRequestFilter.java:125) ~[shiro-web-1.2.2.jar:1.2.2]
	at org.apache.shiro.web.servlet.ProxiedFilterChain.doFilter(ProxiedFilterChain.java:66) ~[shiro-web-1.2.2.jar:1.2.2]
	at org.apache.shiro.web.servlet.AbstractShiroFilter.executeChain(AbstractShiroFilter.java:449) ~[shiro-web-1.2.2.jar:1.2.2]
	at org.apache.shiro.web.servlet.AbstractShiroFilter$1.call(AbstractShiroFilter.java:365) ~[shiro-web-1.2.2.jar:1.2.2]
	at org.apache.shiro.subject.support.SubjectCallable.doCall(SubjectCallable.java:90) ~[shiro-core-1.2.2.jar:1.2.2]
	at org.apache.shiro.subject.support.SubjectCallable.call(SubjectCallable.java:83) ~[shiro-core-1.2.2.jar:1.2.2]
	at org.apache.shiro.subject.support.DelegatingSubject.execute(DelegatingSubject.java:383) ~[shiro-core-1.2.2.jar:1.2.2]
	at org.apache.shiro.web.servlet.AbstractShiroFilter.doFilterInternal(AbstractShiroFilter.java:362) ~[shiro-web-1.2.2.jar:1.2.2]
	at org.apache.shiro.web.servlet.OncePerRequestFilter.doFilter(OncePerRequestFilter.java:125) ~[shiro-web-1.2.2.jar:1.2.2]
	at org.springframework.web.filter.DelegatingFilterProxy.invokeDelegate(DelegatingFilterProxy.java:346) ~[spring-web-3.2.3.RELEASE.jar:3.2.3.RELEASE]
	at org.springframework.web.filter.DelegatingFilterProxy.doFilter(DelegatingFilterProxy.java:259) ~[spring-web-3.2.3.RELEASE.jar:3.2.3.RELEASE]
	at org.eclipse.jetty.servlet.ServletHandler$CachedChain.doFilter(ServletHandler.java:1337) ~[jetty-webapp-7.6.11.v20130520.jar:8.1.2.v20120308]
	at org.springframework.orm.jpa.support.OpenEntityManagerInViewFilter.doFilterInternal(OpenEntityManagerInViewFilter.java:180) ~[spring-orm-3.2.3.RELEASE.jar:3.2.3.RELEASE]
	at org.springframework.web.filter.OncePerRequestFilter.doFilter(OncePerRequestFilter.java:107) ~[spring-web-3.2.3.RELEASE.jar:3.2.3.RELEASE]
	at org.eclipse.jetty.servlet.ServletHandler$CachedChain.doFilter(ServletHandler.java:1337) ~[jetty-webapp-7.6.11.v20130520.jar:8.1.2.v20120308]
	at org.springframework.web.filter.CharacterEncodingFilter.doFilterInternal(CharacterEncodingFilter.java:88) ~[spring-web-3.2.3.RELEASE.jar:3.2.3.RELEASE]
	at org.springframework.web.filter.OncePerRequestFilter.doFilter(OncePerRequestFilter.java:107) ~[spring-web-3.2.3.RELEASE.jar:3.2.3.RELEASE]
	at org.eclipse.jetty.servlet.ServletHandler$CachedChain.doFilter(ServletHandler.java:1337) ~[jetty-webapp-7.6.11.v20130520.jar:8.1.2.v20120308]
	at org.eclipse.jetty.servlet.ServletHandler.doHandle(ServletHandler.java:484) ~[jetty-webapp-7.6.11.v20130520.jar:8.1.2.v20120308]
	at org.eclipse.jetty.server.handler.ScopedHandler.handle(ScopedHandler.java:119) ~[jetty-webapp-7.6.11.v20130520.jar:8.1.2.v20120308]
	at org.eclipse.jetty.security.SecurityHandler.handle(SecurityHandler.java:524) ~[jetty-webapp-7.6.11.v20130520.jar:8.1.2.v20120308]
	at org.eclipse.jetty.server.session.SessionHandler.doHandle(SessionHandler.java:233) ~[jetty-webapp-7.6.11.v20130520.jar:8.1.2.v20120308]
	at org.eclipse.jetty.server.handler.ContextHandler.doHandle(ContextHandler.java:1065) ~[jetty-webapp-7.6.11.v20130520.jar:8.1.2.v20120308]
	at org.eclipse.jetty.servlet.ServletHandler.doScope(ServletHandler.java:413) ~[jetty-webapp-7.6.11.v20130520.jar:8.1.2.v20120308]
	at org.eclipse.jetty.server.session.SessionHandler.doScope(SessionHandler.java:192) ~[jetty-webapp-7.6.11.v20130520.jar:8.1.2.v20120308]
	at org.eclipse.jetty.server.handler.ContextHandler.doScope(ContextHandler.java:999) ~[jetty-webapp-7.6.11.v20130520.jar:8.1.2.v20120308]
	at org.eclipse.jetty.server.handler.ScopedHandler.handle(ScopedHandler.java:117) ~[jetty-webapp-7.6.11.v20130520.jar:8.1.2.v20120308]
	at org.eclipse.jetty.server.handler.HandlerWrapper.handle(HandlerWrapper.java:111) ~[jetty-webapp-7.6.11.v20130520.jar:8.1.2.v20120308]
	at org.eclipse.jetty.server.Server.handle(Server.java:351) ~[jetty-webapp-7.6.11.v20130520.jar:8.1.2.v20120308]
	at org.eclipse.jetty.server.AbstractHttpConnection.handleRequest(AbstractHttpConnection.java:454) ~[jetty-webapp-7.6.11.v20130520.jar:8.1.2.v20120308]
	at org.eclipse.jetty.server.AbstractHttpConnection.headerComplete(AbstractHttpConnection.java:890) ~[jetty-webapp-7.6.11.v20130520.jar:8.1.2.v20120308]
	at org.eclipse.jetty.server.AbstractHttpConnection$RequestHandler.headerComplete(AbstractHttpConnection.java:944) ~[jetty-webapp-7.6.11.v20130520.jar:8.1.2.v20120308]
	at org.eclipse.jetty.http.HttpParser.parseNext(HttpParser.java:634) ~[jetty-webapp-7.6.11.v20130520.jar:8.1.2.v20120308]
	at org.eclipse.jetty.http.HttpParser.parseAvailable(HttpParser.java:230) ~[jetty-webapp-7.6.11.v20130520.jar:8.1.2.v20120308]
	at org.eclipse.jetty.server.AsyncHttpConnection.handle(AsyncHttpConnection.java:77) ~[jetty-webapp-7.6.11.v20130520.jar:8.1.2.v20120308]
	at org.eclipse.jetty.io.nio.SelectChannelEndPoint.handle(SelectChannelEndPoint.java:609) ~[jetty-webapp-7.6.11.v20130520.jar:8.1.2.v20120308]
	at org.eclipse.jetty.io.nio.SelectChannelEndPoint$1.run(SelectChannelEndPoint.java:45) ~[jetty-webapp-7.6.11.v20130520.jar:8.1.2.v20120308]
	at org.eclipse.jetty.util.thread.QueuedThreadPool.runJob(QueuedThreadPool.java:599) ~[jetty-webapp-7.6.11.v20130520.jar:8.1.2.v20120308]
	at org.eclipse.jetty.util.thread.QueuedThreadPool$3.run(QueuedThreadPool.java:534) ~[jetty-webapp-7.6.11.v20130520.jar:8.1.2.v20120308]
	at java.lang.Thread.run(Thread.java:724) ~[na:1.7.0_25]
22:27:20.968 [qtp1181211587-21] INFO  f.rest.account.AccountRestController - owner씩퉶촓쫩
22:34:09.615 [qtp1181211587-21] INFO  f.rest.account.AccountRestController - owner씩퉶촓쫩
