19:05:49.928 [13547055@qtp-21189219-0] ERROR 500.jsp - No class fxc.entity.User entity with id 3 exists!
org.springframework.dao.EmptyResultDataAccessException: No class fxc.entity.User entity with id 3 exists!
	at org.springframework.data.jpa.repository.support.SimpleJpaRepository.delete(SimpleJpaRepository.java:128) ~[spring-data-jpa-1.3.2.RELEASE.jar:na]
	at sun.reflect.NativeMethodAccessorImpl.invoke0(Native Method) ~[na:1.7.0_25]
	at sun.reflect.NativeMethodAccessorImpl.invoke(NativeMethodAccessorImpl.java:57) ~[na:1.7.0_25]
	at sun.reflect.DelegatingMethodAccessorImpl.invoke(DelegatingMethodAccessorImpl.java:43) ~[na:1.7.0_25]
	at java.lang.reflect.Method.invoke(Method.java:606) ~[na:1.7.0_25]
	at org.springframework.data.repository.core.support.RepositoryFactorySupport$QueryExecutorMethodInterceptor.executeMethodOn(RepositoryFactorySupport.java:333) ~[spring-data-commons-1.5.1.RELEASE.jar:na]
	at org.springframework.data.repository.core.support.RepositoryFactorySupport$QueryExecutorMethodInterceptor.invoke(RepositoryFactorySupport.java:318) ~[spring-data-commons-1.5.1.RELEASE.jar:na]
	at org.springframework.aop.framework.ReflectiveMethodInvocation.proceed(ReflectiveMethodInvocation.java:172) ~[spring-aop-3.2.3.RELEASE.jar:3.2.3.RELEASE]
	at org.springframework.transaction.interceptor.TransactionInterceptor$1.proceedWithInvocation(TransactionInterceptor.java:96) ~[spring-tx-3.2.3.RELEASE.jar:3.2.3.RELEASE]
	at org.springframework.transaction.interceptor.TransactionAspectSupport.invokeWithinTransaction(TransactionAspectSupport.java:260) ~[spring-tx-3.2.3.RELEASE.jar:3.2.3.RELEASE]
	at org.springframework.transaction.interceptor.TransactionInterceptor.invoke(TransactionInterceptor.java:94) ~[spring-tx-3.2.3.RELEASE.jar:3.2.3.RELEASE]
	at org.springframework.aop.framework.ReflectiveMethodInvocation.proceed(ReflectiveMethodInvocation.java:172) ~[spring-aop-3.2.3.RELEASE.jar:3.2.3.RELEASE]
	at org.springframework.dao.support.PersistenceExceptionTranslationInterceptor.invoke(PersistenceExceptionTranslationInterceptor.java:155) ~[spring-tx-3.2.3.RELEASE.jar:3.2.3.RELEASE]
	at org.springframework.aop.framework.ReflectiveMethodInvocation.proceed(ReflectiveMethodInvocation.java:172) ~[spring-aop-3.2.3.RELEASE.jar:3.2.3.RELEASE]
	at org.springframework.data.jpa.repository.support.LockModeRepositoryPostProcessor$LockModePopulatingMethodIntercceptor.invoke(LockModeRepositoryPostProcessor.java:92) ~[spring-data-jpa-1.3.2.RELEASE.jar:na]
	at org.springframework.aop.framework.ReflectiveMethodInvocation.proceed(ReflectiveMethodInvocation.java:172) ~[spring-aop-3.2.3.RELEASE.jar:3.2.3.RELEASE]
	at org.springframework.aop.interceptor.ExposeInvocationInterceptor.invoke(ExposeInvocationInterceptor.java:91) ~[spring-aop-3.2.3.RELEASE.jar:3.2.3.RELEASE]
	at org.springframework.aop.framework.ReflectiveMethodInvocation.proceed(ReflectiveMethodInvocation.java:172) ~[spring-aop-3.2.3.RELEASE.jar:3.2.3.RELEASE]
	at org.springframework.aop.framework.JdkDynamicAopProxy.invoke(JdkDynamicAopProxy.java:204) ~[spring-aop-3.2.3.RELEASE.jar:3.2.3.RELEASE]
	at com.sun.proxy.$Proxy29.delete(Unknown Source) ~[na:na]
	at fxc.service.account.AccountService.deleteUser(AccountService.java:303) ~[classes/:na]
	at fxc.service.account.AccountService$$FastClassByCGLIB$$81f38cdf.invoke(<generated>) ~[spring-core-3.2.3.RELEASE.jar:na]
	at org.springframework.cglib.proxy.MethodProxy.invoke(MethodProxy.java:204) ~[spring-core-3.2.3.RELEASE.jar:3.2.3.RELEASE]
	at org.springframework.aop.framework.CglibAopProxy$CglibMethodInvocation.invokeJoinpoint(CglibAopProxy.java:698) ~[spring-aop-3.2.3.RELEASE.jar:3.2.3.RELEASE]
	at org.springframework.aop.framework.ReflectiveMethodInvocation.proceed(ReflectiveMethodInvocation.java:150) ~[spring-aop-3.2.3.RELEASE.jar:3.2.3.RELEASE]
	at org.springframework.transaction.interceptor.TransactionInterceptor$1.proceedWithInvocation(TransactionInterceptor.java:96) ~[spring-tx-3.2.3.RELEASE.jar:3.2.3.RELEASE]
	at org.springframework.transaction.interceptor.TransactionAspectSupport.invokeWithinTransaction(TransactionAspectSupport.java:260) ~[spring-tx-3.2.3.RELEASE.jar:3.2.3.RELEASE]
	at org.springframework.transaction.interceptor.TransactionInterceptor.invoke(TransactionInterceptor.java:94) ~[spring-tx-3.2.3.RELEASE.jar:3.2.3.RELEASE]
	at org.springframework.aop.framework.ReflectiveMethodInvocation.proceed(ReflectiveMethodInvocation.java:172) ~[spring-aop-3.2.3.RELEASE.jar:3.2.3.RELEASE]
	at org.springframework.aop.framework.CglibAopProxy$DynamicAdvisedInterceptor.intercept(CglibAopProxy.java:631) ~[spring-aop-3.2.3.RELEASE.jar:3.2.3.RELEASE]
	at fxc.service.account.AccountService$$EnhancerByCGLIB$$66cf71dc.deleteUser(<generated>) ~[spring-core-3.2.3.RELEASE.jar:na]
	at fxc.web.account.UserAdminController.deleteAdmin(UserAdminController.java:134) ~[classes/:na]
	at sun.reflect.NativeMethodAccessorImpl.invoke0(Native Method) ~[na:1.7.0_25]
	at sun.reflect.NativeMethodAccessorImpl.invoke(NativeMethodAccessorImpl.java:57) ~[na:1.7.0_25]
	at sun.reflect.DelegatingMethodAccessorImpl.invoke(DelegatingMethodAccessorImpl.java:43) ~[na:1.7.0_25]
	at java.lang.reflect.Method.invoke(Method.java:606) ~[na:1.7.0_25]
	at org.springframework.web.method.support.InvocableHandlerMethod.invoke(InvocableHandlerMethod.java:219) ~[spring-web-3.2.3.RELEASE.jar:3.2.3.RELEASE]
	at org.springframework.web.method.support.InvocableHandlerMethod.invokeForRequest(InvocableHandlerMethod.java:132) ~[spring-web-3.2.3.RELEASE.jar:3.2.3.RELEASE]
	at org.springframework.web.servlet.mvc.method.annotation.ServletInvocableHandlerMethod.invokeAndHandle(ServletInvocableHandlerMethod.java:104) ~[spring-webmvc-3.2.3.RELEASE.jar:3.2.3.RELEASE]
	at org.springframework.web.servlet.mvc.method.annotation.RequestMappingHandlerAdapter.invokeHandleMethod(RequestMappingHandlerAdapter.java:745) ~[spring-webmvc-3.2.3.RELEASE.jar:3.2.3.RELEASE]
	at org.springframework.web.servlet.mvc.method.annotation.RequestMappingHandlerAdapter.handleInternal(RequestMappingHandlerAdapter.java:686) ~[spring-webmvc-3.2.3.RELEASE.jar:3.2.3.RELEASE]
	at org.springframework.web.servlet.mvc.method.AbstractHandlerMethodAdapter.handle(AbstractHandlerMethodAdapter.java:80) ~[spring-webmvc-3.2.3.RELEASE.jar:3.2.3.RELEASE]
	at org.springframework.web.servlet.DispatcherServlet.doDispatch(DispatcherServlet.java:925) [spring-webmvc-3.2.3.RELEASE.jar:3.2.3.RELEASE]
	at org.springframework.web.servlet.DispatcherServlet.doService(DispatcherServlet.java:856) [spring-webmvc-3.2.3.RELEASE.jar:3.2.3.RELEASE]
	at org.springframework.web.servlet.FrameworkServlet.processRequest(FrameworkServlet.java:936) ~[spring-webmvc-3.2.3.RELEASE.jar:3.2.3.RELEASE]
	at org.springframework.web.servlet.FrameworkServlet.doGet(FrameworkServlet.java:827) ~[spring-webmvc-3.2.3.RELEASE.jar:3.2.3.RELEASE]
	at javax.servlet.http.HttpServlet.service(HttpServlet.java:707) ~[servlet-api-2.5-20081211.jar:na]
	at org.springframework.web.servlet.FrameworkServlet.service(FrameworkServlet.java:812) ~[spring-webmvc-3.2.3.RELEASE.jar:3.2.3.RELEASE]
	at javax.servlet.http.HttpServlet.service(HttpServlet.java:820) ~[servlet-api-2.5-20081211.jar:na]
	at org.mortbay.jetty.servlet.ServletHolder.handle(ServletHolder.java:511) ~[jetty-6.1.26.jar:6.1.26]
	at org.mortbay.jetty.servlet.ServletHandler$CachedChain.doFilter(ServletHandler.java:1221) ~[jetty-6.1.26.jar:6.1.26]
	at com.opensymphony.sitemesh.webapp.SiteMeshFilter.obtainContent(SiteMeshFilter.java:129) ~[sitemesh-2.4.2.jar:na]
	at com.opensymphony.sitemesh.webapp.SiteMeshFilter.doFilter(SiteMeshFilter.java:77) ~[sitemesh-2.4.2.jar:na]
	at org.mortbay.jetty.servlet.ServletHandler$CachedChain.doFilter(ServletHandler.java:1212) ~[jetty-6.1.26.jar:6.1.26]
	at org.apache.shiro.web.servlet.AbstractShiroFilter.executeChain(AbstractShiroFilter.java:449) ~[shiro-web-1.2.2.jar:1.2.2]
	at org.apache.shiro.web.servlet.AbstractShiroFilter$1.call(AbstractShiroFilter.java:365) ~[shiro-web-1.2.2.jar:1.2.2]
	at org.apache.shiro.subject.support.SubjectCallable.doCall(SubjectCallable.java:90) ~[shiro-core-1.2.2.jar:1.2.2]
	at org.apache.shiro.subject.support.SubjectCallable.call(SubjectCallable.java:83) ~[shiro-core-1.2.2.jar:1.2.2]
	at org.apache.shiro.subject.support.DelegatingSubject.execute(DelegatingSubject.java:383) ~[shiro-core-1.2.2.jar:1.2.2]
	at org.apache.shiro.web.servlet.AbstractShiroFilter.doFilterInternal(AbstractShiroFilter.java:362) ~[shiro-web-1.2.2.jar:1.2.2]
	at org.apache.shiro.web.servlet.OncePerRequestFilter.doFilter(OncePerRequestFilter.java:125) ~[shiro-web-1.2.2.jar:1.2.2]
	at org.springframework.web.filter.DelegatingFilterProxy.invokeDelegate(DelegatingFilterProxy.java:346) ~[spring-web-3.2.3.RELEASE.jar:3.2.3.RELEASE]
	at org.springframework.web.filter.DelegatingFilterProxy.doFilter(DelegatingFilterProxy.java:259) ~[spring-web-3.2.3.RELEASE.jar:3.2.3.RELEASE]
	at org.mortbay.jetty.servlet.ServletHandler$CachedChain.doFilter(ServletHandler.java:1212) ~[jetty-6.1.26.jar:6.1.26]
	at org.springframework.orm.jpa.support.OpenEntityManagerInViewFilter.doFilterInternal(OpenEntityManagerInViewFilter.java:180) ~[spring-orm-3.2.3.RELEASE.jar:3.2.3.RELEASE]
	at org.springframework.web.filter.OncePerRequestFilter.doFilter(OncePerRequestFilter.java:107) ~[spring-web-3.2.3.RELEASE.jar:3.2.3.RELEASE]
	at org.mortbay.jetty.servlet.ServletHandler$CachedChain.doFilter(ServletHandler.java:1212) ~[jetty-6.1.26.jar:6.1.26]
	at org.springframework.web.filter.CharacterEncodingFilter.doFilterInternal(CharacterEncodingFilter.java:88) ~[spring-web-3.2.3.RELEASE.jar:3.2.3.RELEASE]
	at org.springframework.web.filter.OncePerRequestFilter.doFilter(OncePerRequestFilter.java:107) ~[spring-web-3.2.3.RELEASE.jar:3.2.3.RELEASE]
	at org.mortbay.jetty.servlet.ServletHandler$CachedChain.doFilter(ServletHandler.java:1212) ~[jetty-6.1.26.jar:6.1.26]
	at org.mortbay.jetty.servlet.ServletHandler.handle(ServletHandler.java:399) ~[jetty-6.1.26.jar:6.1.26]
	at org.mortbay.jetty.security.SecurityHandler.handle(SecurityHandler.java:216) ~[jetty-6.1.26.jar:6.1.26]
	at org.mortbay.jetty.servlet.SessionHandler.handle(SessionHandler.java:182) ~[jetty-6.1.26.jar:6.1.26]
	at org.mortbay.jetty.handler.ContextHandler.handle(ContextHandler.java:766) ~[jetty-6.1.26.jar:6.1.26]
	at org.mortbay.jetty.webapp.WebAppContext.handle(WebAppContext.java:450) ~[jetty-6.1.26.jar:6.1.26]
	at org.mortbay.jetty.handler.HandlerWrapper.handle(HandlerWrapper.java:152) ~[jetty-6.1.26.jar:6.1.26]
	at org.mortbay.jetty.Server.handle(Server.java:326) ~[jetty-6.1.26.jar:6.1.26]
	at org.mortbay.jetty.HttpConnection.handleRequest(HttpConnection.java:542) ~[jetty-6.1.26.jar:6.1.26]
	at org.mortbay.jetty.HttpConnection$RequestHandler.headerComplete(HttpConnection.java:928) ~[jetty-6.1.26.jar:6.1.26]
	at org.mortbay.jetty.HttpParser.parseNext(HttpParser.java:549) ~[jetty-6.1.26.jar:6.1.26]
	at org.mortbay.jetty.HttpParser.parseAvailable(HttpParser.java:212) ~[jetty-6.1.26.jar:6.1.26]
	at org.mortbay.jetty.HttpConnection.handle(HttpConnection.java:404) ~[jetty-6.1.26.jar:6.1.26]
	at org.mortbay.io.nio.SelectChannelEndPoint.run(SelectChannelEndPoint.java:410) ~[jetty-6.1.26.jar:6.1.26]
	at org.mortbay.thread.QueuedThreadPool$PoolThread.run(QueuedThreadPool.java:582) ~[jetty-util-6.1.26.jar:6.1.26]
